<?xml version="1.0" encoding="UTF-8"?>
<testsuite xmlns:xsi="http://www.w3.org/2001/XMLSchema-instance" xsi:noNamespaceSchemaLocation="https://maven.apache.org/surefire/maven-surefire-plugin/xsd/surefire-test-report-3.0.xsd" version="3.0" name="com.mycompany.olympicgameshooting.FinalRoundTest" time="0.172" tests="50" errors="0" skipped="0" failures="0">
  <properties>
    <property name="java.specification.version" value="22"/>
    <property name="sun.cpu.isalist" value="amd64"/>
    <property name="sun.jnu.encoding" value="Cp1252"/>
    <property name="java.class.path" value="C:\Repositories\HSU\software_testing\FinalProject\OlympicGameShooting\target\test-classes;C:\Repositories\HSU\software_testing\FinalProject\OlympicGameShooting\target\classes;C:\Users\Admin\.m2\repository\org\junit\jupiter\junit-jupiter-api\5.10.2\junit-jupiter-api-5.10.2.jar;C:\Users\Admin\.m2\repository\org\opentest4j\opentest4j\1.3.0\opentest4j-1.3.0.jar;C:\Users\Admin\.m2\repository\org\junit\platform\junit-platform-commons\1.10.2\junit-platform-commons-1.10.2.jar;C:\Users\Admin\.m2\repository\org\apiguardian\apiguardian-api\1.1.2\apiguardian-api-1.1.2.jar;C:\Users\Admin\.m2\repository\org\junit\jupiter\junit-jupiter-params\5.10.2\junit-jupiter-params-5.10.2.jar;C:\Users\Admin\.m2\repository\org\junit\jupiter\junit-jupiter-engine\5.10.2\junit-jupiter-engine-5.10.2.jar;C:\Users\Admin\.m2\repository\org\junit\platform\junit-platform-engine\1.10.2\junit-platform-engine-1.10.2.jar;"/>
    <property name="java.vm.vendor" value="Oracle Corporation"/>
    <property name="sun.arch.data.model" value="64"/>
    <property name="user.variant" value=""/>
    <property name="java.vendor.url" value="https://java.oracle.com/"/>
    <property name="user.timezone" value="GMT+07:00"/>
    <property name="os.name" value="Windows 11"/>
    <property name="java.vm.specification.version" value="22"/>
    <property name="user.country" value="US"/>
    <property name="sun.java.launcher" value="SUN_STANDARD"/>
    <property name="sun.boot.library.path" value="C:\Program Files\Java\jdk-22\bin"/>
    <property name="sun.java.command" value="C:\Users\Admin\AppData\Local\Temp\surefire5229069709949692621\surefirebooter-20241212201531303_3.jar C:\Users\Admin\AppData\Local\Temp\surefire5229069709949692621 2024-12-12T20-15-31_225-jvmRun1 surefire-20241212201531303_1tmp surefire_0-20241212201531303_2tmp"/>
    <property name="jdk.debug" value="release"/>
    <property name="test" value="com.mycompany.olympicgameshooting.FinalRoundTest"/>
    <property name="surefire.test.class.path" value="C:\Repositories\HSU\software_testing\FinalProject\OlympicGameShooting\target\test-classes;C:\Repositories\HSU\software_testing\FinalProject\OlympicGameShooting\target\classes;C:\Users\Admin\.m2\repository\org\junit\jupiter\junit-jupiter-api\5.10.2\junit-jupiter-api-5.10.2.jar;C:\Users\Admin\.m2\repository\org\opentest4j\opentest4j\1.3.0\opentest4j-1.3.0.jar;C:\Users\Admin\.m2\repository\org\junit\platform\junit-platform-commons\1.10.2\junit-platform-commons-1.10.2.jar;C:\Users\Admin\.m2\repository\org\apiguardian\apiguardian-api\1.1.2\apiguardian-api-1.1.2.jar;C:\Users\Admin\.m2\repository\org\junit\jupiter\junit-jupiter-params\5.10.2\junit-jupiter-params-5.10.2.jar;C:\Users\Admin\.m2\repository\org\junit\jupiter\junit-jupiter-engine\5.10.2\junit-jupiter-engine-5.10.2.jar;C:\Users\Admin\.m2\repository\org\junit\platform\junit-platform-engine\1.10.2\junit-platform-engine-1.10.2.jar;"/>
    <property name="sun.cpu.endian" value="little"/>
    <property name="user.home" value="C:\Users\Admin"/>
    <property name="user.language" value="en"/>
    <property name="java.specification.vendor" value="Oracle Corporation"/>
    <property name="java.version.date" value="2024-07-16"/>
    <property name="java.home" value="C:\Program Files\Java\jdk-22"/>
    <property name="file.separator" value="\"/>
    <property name="basedir" value="C:\Repositories\HSU\software_testing\FinalProject\OlympicGameShooting"/>
    <property name="java.vm.compressedOopsMode" value="Zero based"/>
    <property name="line.separator" value="&#10;"/>
    <property name="java.vm.specification.vendor" value="Oracle Corporation"/>
    <property name="java.specification.name" value="Java Platform API Specification"/>
    <property name="surefire.real.class.path" value="C:\Users\Admin\AppData\Local\Temp\surefire5229069709949692621\surefirebooter-20241212201531303_3.jar"/>
    <property name="user.script" value=""/>
    <property name="sun.management.compiler" value="HotSpot 64-Bit Tiered Compilers"/>
    <property name="java.runtime.version" value="22.0.2+9-70"/>
    <property name="user.name" value="Chun"/>
    <property name="stdout.encoding" value="Cp1252"/>
    <property name="path.separator" value=";"/>
    <property name="os.version" value="10.0"/>
    <property name="java.runtime.name" value="Java(TM) SE Runtime Environment"/>
    <property name="file.encoding" value="UTF-8"/>
    <property name="java.vm.name" value="Java HotSpot(TM) 64-Bit Server VM"/>
    <property name="maven.ext.class.path" value="C:\Program Files\NetBeans-22\netbeans\java\maven-nblib\netbeans-eventspy.jar"/>
    <property name="localRepository" value="C:\Users\Admin\.m2\repository"/>
    <property name="java.vendor.url.bug" value="https://bugreport.java.com/bugreport/"/>
    <property name="java.io.tmpdir" value="C:\Users\Admin\AppData\Local\Temp\"/>
    <property name="java.version" value="22.0.2"/>
    <property name="user.dir" value="C:\Repositories\HSU\software_testing\FinalProject\OlympicGameShooting"/>
    <property name="os.arch" value="amd64"/>
    <property name="java.vm.specification.name" value="Java Virtual Machine Specification"/>
    <property name="sun.os.patch.level" value=""/>
    <property name="native.encoding" value="Cp1252"/>
    <property name="java.library.path" value="C:\Program Files\Java\jdk-22\bin;C:\Windows\Sun\Java\bin;C:\Windows\system32;C:\Windows;C:\Program Files\Common Files\Oracle\Java\javapath;C:\Python312\Scripts\;C:\Python312\;C:\Windows\system32;C:\Windows;C:\Windows\System32\Wbem;C:\Windows\System32\WindowsPowerShell\v1.0\;C:\Windows\System32\OpenSSH\;C:\Program Files\nodejs\;C:\ProgramData\chocolatey\bin;C:\Program Files\Go\bin;C:\Program Files\Git\cmd;C:\Program Files\GitHub CLI\;C:\MongoDB Tool\bin;C:\Program Files\Microsoft SQL Server\150\Tools\Binn\;C:\Program Files\Microsoft SQL Server\Client SDK\ODBC\170\Tools\Binn\;C:\Program Files\dotnet\;C:\Program Files\Docker\Docker\resources\bin;C:\Users\Admin\AppData\Local\Microsoft\WindowsApps;C:\Users\Admin\AppData\Local\JetBrains\Toolbox\scripts;C:\Users\Admin\AppData\Roaming\npm;C:\Users\Admin\go\bin;C:\Users\Admin\AppData\Local\Programs\Microsoft VS Code\bin;C:\Users\Admin\.dotnet\tools;."/>
    <property name="java.vm.info" value="mixed mode, sharing"/>
    <property name="stderr.encoding" value="Cp1252"/>
    <property name="java.vendor" value="Oracle Corporation"/>
    <property name="java.vm.version" value="22.0.2+9-70"/>
    <property name="sun.io.unicode.encoding" value="UnicodeLittle"/>
    <property name="java.class.version" value="66.0"/>
  </properties>
  <testcase name="testSimulateFinalRoundToTwoAthletes" classname="com.mycompany.olympicgameshooting.FinalRoundTest" time="0.027"/>
  <testcase name="testShootAndCalculateScoreForDifferentRounds(int)[1]" classname="com.mycompany.olympicgameshooting.FinalRoundTest" time="0.019"/>
  <testcase name="testShootAndCalculateScoreForDifferentRounds(int)[2]" classname="com.mycompany.olympicgameshooting.FinalRoundTest" time="0.001"/>
  <testcase name="testScoreManipulationEdgeCases" classname="com.mycompany.olympicgameshooting.FinalRoundTest" time="0.003"/>
  <testcase name="testDataIntegrityDuringSimulation" classname="com.mycompany.olympicgameshooting.FinalRoundTest" time="0.002"/>
  <testcase name="testEliminateLowestScorerWithEqualScores" classname="com.mycompany.olympicgameshooting.FinalRoundTest" time="0.001"/>
  <testcase name="testEliminationWithNearEqualScores" classname="com.mycompany.olympicgameshooting.FinalRoundTest" time="0.001"/>
  <testcase name="testConcurrentEliminationSimulation" classname="com.mycompany.olympicgameshooting.FinalRoundTest" time="0.007"/>
  <testcase name="testInvalidShot" classname="com.mycompany.olympicgameshooting.FinalRoundTest" time="0.001"/>
  <testcase name="testRandomizedAthleteScores" classname="com.mycompany.olympicgameshooting.FinalRoundTest" time="0.0"/>
  <testcase name="testBoundaryScoreHandling" classname="com.mycompany.olympicgameshooting.FinalRoundTest" time="0.0"/>
  <testcase name="testFinalRoundInitializationWithEmptyList" classname="com.mycompany.olympicgameshooting.FinalRoundTest" time="0.001"/>
  <testcase name="testFinalRoundInitializationWithNullList" classname="com.mycompany.olympicgameshooting.FinalRoundTest" time="0.001"/>
  <testcase name="testAthleteComparatorStability" classname="com.mycompany.olympicgameshooting.FinalRoundTest" time="0.001"/>
  <testcase name="testPrivateMethodAccessibility" classname="com.mycompany.olympicgameshooting.FinalRoundTest" time="0.001"/>
  <testcase name="testEliminationWithVariedScoreDistributions(List)[1]" classname="com.mycompany.olympicgameshooting.FinalRoundTest" time="0.002"/>
  <testcase name="testEliminationWithVariedScoreDistributions(List)[2]" classname="com.mycompany.olympicgameshooting.FinalRoundTest" time="0.0"/>
  <testcase name="testEliminationWithVariedScoreDistributions(List)[3]" classname="com.mycompany.olympicgameshooting.FinalRoundTest" time="0.001"/>
  <testcase name="testAthleteAttributePreservationDuringFinalRound" classname="com.mycompany.olympicgameshooting.FinalRoundTest" time="0.0"/>
  <testcase name="testHandlingOfExtremeScores" classname="com.mycompany.olympicgameshooting.FinalRoundTest" time="0.001"/>
  <testcase name="testShotDistributionUniformity" classname="com.mycompany.olympicgameshooting.FinalRoundTest" time="0.002"/>
  <testcase name="testFinalRoundWithLargeNumberOfAthletes" classname="com.mycompany.olympicgameshooting.FinalRoundTest" time="0.001"/>
  <testcase name="testSimulateFinalRoundWithTwoInitialAthletes" classname="com.mycompany.olympicgameshooting.FinalRoundTest" time="0.001"/>
  <testcase name="testExtremeLargeScores" classname="com.mycompany.olympicgameshooting.FinalRoundTest" time="0.001"/>
  <testcase name="testShotExceptionHandling" classname="com.mycompany.olympicgameshooting.FinalRoundTest" time="0.0"/>
  <testcase name="testAthleteAttributePreservationDuringFinalRound2" classname="com.mycompany.olympicgameshooting.FinalRoundTest" time="0.001"/>
  <testcase name="testEliminationStrategyConsistency" classname="com.mycompany.olympicgameshooting.FinalRoundTest" time="0.001"/>
  <testcase name="testEliminationWithMixedPerformanceAthletes" classname="com.mycompany.olympicgameshooting.FinalRoundTest" time="0.001"/>
  <testcase name="testAthletePerformanceProfile" classname="com.mycompany.olympicgameshooting.FinalRoundTest" time="0.001"/>
  <testcase name="testSimulateFinalRound" classname="com.mycompany.olympicgameshooting.FinalRoundTest" time="0.0"/>
  <testcase name="testSimulateWithExactTwoAthletes" classname="com.mycompany.olympicgameshooting.FinalRoundTest" time="0.001"/>
  <testcase name="testEliminationOrder" classname="com.mycompany.olympicgameshooting.FinalRoundTest" time="0.001"/>
  <testcase name="testHandlingOfNaNScores" classname="com.mycompany.olympicgameshooting.FinalRoundTest" time="0.001"/>
  <testcase name="testShotPrecisionConsistency" classname="com.mycompany.olympicgameshooting.FinalRoundTest" time="0.001"/>
  <testcase name="testSimulateFinalRoundPerformance" classname="com.mycompany.olympicgameshooting.FinalRoundTest" time="0.002"/>
  <testcase name="testRapidSuccessiveFinalRoundSimulations" classname="com.mycompany.olympicgameshooting.FinalRoundTest" time="0.002"/>
  <testcase name="testFinalRoundInternalState" classname="com.mycompany.olympicgameshooting.FinalRoundTest" time="0.001"/>
  <testcase name="testEliminationRandomnessWithEqualScores" classname="com.mycompany.olympicgameshooting.FinalRoundTest" time="0.0"/>
  <testcase name="testShootAndCalculateScore" classname="com.mycompany.olympicgameshooting.FinalRoundTest" time="0.001"/>
  <testcase name="testSimulationWithHighVariabilityScores" classname="com.mycompany.olympicgameshooting.FinalRoundTest" time="0.0"/>
  <testcase name="testFinalRoundInitializationWithMinimumAllowedAthletes" classname="com.mycompany.olympicgameshooting.FinalRoundTest" time="0.001"/>
  <testcase name="testHandlingOfMinimumScores" classname="com.mycompany.olympicgameshooting.FinalRoundTest" time="0.002"/>
  <testcase name="testGetFinalists" classname="com.mycompany.olympicgameshooting.FinalRoundTest" time="0.001"/>
  <testcase name="testFinalRoundInitialization" classname="com.mycompany.olympicgameshooting.FinalRoundTest" time="0.0"/>
  <testcase name="testMemoryEfficiencyInLongSimulation" classname="com.mycompany.olympicgameshooting.FinalRoundTest" time="0.001"/>
  <testcase name="testEliminateLowestScorer" classname="com.mycompany.olympicgameshooting.FinalRoundTest" time="0.0"/>
  <testcase name="testCountryRepresentationInFinalRound" classname="com.mycompany.olympicgameshooting.FinalRoundTest" time="0.002"/>
  <testcase name="testShootingSimulationConsistency" classname="com.mycompany.olympicgameshooting.FinalRoundTest" time="0.0"/>
  <testcase name="testSimulateFinalRoundReducesToTwoAthletes" classname="com.mycompany.olympicgameshooting.FinalRoundTest" time="0.0"/>
  <testcase name="testEliminateLowestScorerWithDifferentScores" classname="com.mycompany.olympicgameshooting.FinalRoundTest" time="0.001"/>
</testsuite>